Collecting Git Debug Information...

Current Branch:
main

Recent Commits:
c6b2ba5d8e744f9ba1636a0efb00911655381d74 2025-03-13 17:56:25 -0700
dcdc3ccbecd00607020b90b148020ad3bcdf886a 2025-03-13 17:55:02 -0700
bd7a52be69a38b358f034ba4273540e711b2eaf6 2025-03-13 17:52:41 -0700
de2ba4a05d11aefa724aa5767e40038daa6d1711 2025-03-13 17:50:53 -0700
1d0ced26e8da6592a4411474a324fc4be5f1103c 2025-03-13 17:48:24 -0700
21f845409c713f3dce6897338fd7aadc19820a94 2025-03-13 17:47:03 -0700
ef9fc2ded2a00457bea30d5b06e0e3c778dbcfbd 2025-03-13 17:45:31 -0700
f361f378688be40088bb97b14122765467582568 2025-03-13 17:42:35 -0700
563bbb7ccaa9d8b96647d3e388caed1415f55d85 2025-03-13 17:40:13 -0700
ba113dac0044fbefdaad2cca41cc8e33362ac4cc 2025-03-13 17:36:57 -0700
bc7b0323515d68c9d89dd7534c07dd1cb2aeaecd 2025-03-13 17:34:57 -0700
c85e7c6692edb9021b7dad770c88cc3b88bb0542 2025-03-13 17:33:01 -0700
2ea864a11794f5a3ae5cc5af9c85f1447e95159b 2025-03-13 17:31:16 -0700
03697e499540aa429a55bf5d719b6fb6cab2716f 2025-03-13 17:29:39 -0700
ce79e3641ebd23d66689859d2d1dc3b66356a699 2025-03-13 17:28:06 -0700
4bff37730a65304381ab061d557b71802f2e50bc 2025-03-13 17:25:01 -0700
d58b815631642903de2566227f9c29266074dfa5 2025-03-13 17:23:31 -0700
4d013646c268df3b501a0530a7976650ed461af6 2025-03-13 17:20:01 -0700
2211c7a8b64fc1bd9f77aed6067c4f80c038cdab 2025-03-13 17:18:02 -0700
4a251272889849361d4e55ba07671d1ba45b8ffb 2025-03-13 17:15:15 -0700
All v2.x.y Release Tags with Creation Dates:

Prod Deployment Tags and Associated Commits:
Tag: prod-v2.0.1-20250313171703
4a251272889849361d4e55ba07671d1ba45b8ffb 2025-03-13 17:15:15 -0700
Tag: prod-v2.0.10-20250313173647
bc7b0323515d68c9d89dd7534c07dd1cb2aeaecd 2025-03-13 17:34:57 -0700
Tag: prod-v2.0.11-20250313174003
ba113dac0044fbefdaad2cca41cc8e33362ac4cc 2025-03-13 17:36:57 -0700
Tag: prod-v2.0.12-20250313174139
563bbb7ccaa9d8b96647d3e388caed1415f55d85 2025-03-13 17:40:13 -0700
Tag: prod-v2.0.13-20250313174431
f361f378688be40088bb97b14122765467582568 2025-03-13 17:42:35 -0700
Tag: prod-v2.0.14-20250313174630
ef9fc2ded2a00457bea30d5b06e0e3c778dbcfbd 2025-03-13 17:45:31 -0700
Tag: prod-v2.0.15-20250313174805
21f845409c713f3dce6897338fd7aadc19820a94 2025-03-13 17:47:03 -0700
Tag: prod-v2.0.16-20250313175034
1d0ced26e8da6592a4411474a324fc4be5f1103c 2025-03-13 17:48:24 -0700
Tag: prod-v2.0.17-20250313175218
de2ba4a05d11aefa724aa5767e40038daa6d1711 2025-03-13 17:50:53 -0700
Tag: prod-v2.0.18-20250313175416
bd7a52be69a38b358f034ba4273540e711b2eaf6 2025-03-13 17:52:41 -0700
Tag: prod-v2.0.19-20250313175621
dcdc3ccbecd00607020b90b148020ad3bcdf886a 2025-03-13 17:55:02 -0700
Tag: prod-v2.0.2-20250313171906
2211c7a8b64fc1bd9f77aed6067c4f80c038cdab 2025-03-13 17:18:02 -0700
Tag: prod-v2.0.20-20250313175710
c6b2ba5d8e744f9ba1636a0efb00911655381d74 2025-03-13 17:56:25 -0700
Tag: prod-v2.0.3-20250313172235
4d013646c268df3b501a0530a7976650ed461af6 2025-03-13 17:20:01 -0700
Tag: prod-v2.0.4-20250313172419
d58b815631642903de2566227f9c29266074dfa5 2025-03-13 17:23:31 -0700
Tag: prod-v2.0.5-20250313172715
4bff37730a65304381ab061d557b71802f2e50bc 2025-03-13 17:25:01 -0700
Tag: prod-v2.0.6-20250313172927
ce79e3641ebd23d66689859d2d1dc3b66356a699 2025-03-13 17:28:06 -0700
Tag: prod-v2.0.7-20250313173111
03697e499540aa429a55bf5d719b6fb6cab2716f 2025-03-13 17:29:39 -0700
Tag: prod-v2.0.8-20250313173244
2ea864a11794f5a3ae5cc5af9c85f1447e95159b 2025-03-13 17:31:16 -0700
Tag: prod-v2.0.9-20250313173358
c85e7c6692edb9021b7dad770c88cc3b88bb0542 2025-03-13 17:33:01 -0700

Checking Which Tags Contain Recent Commits:
Commit: c6b2ba5d8e744f9ba1636a0efb00911655381d74
dev-v2.0.20-20250313175654
prod-v2.0.20-20250313175710
qa-v2.0.20-20250313175702
v2.0.20
Commit: dcdc3ccbecd00607020b90b148020ad3bcdf886a
dev-v2.0.19-20250313175538
dev-v2.0.20-20250313175654
prod-v2.0.19-20250313175621
prod-v2.0.20-20250313175710
qa-v2.0.19-20250313175614
qa-v2.0.20-20250313175702
v2.0.19
v2.0.20
Commit: bd7a52be69a38b358f034ba4273540e711b2eaf6
dev-v2.0.18-20250313175303
dev-v2.0.19-20250313175538
dev-v2.0.20-20250313175654
prod-v2.0.18-20250313175416
prod-v2.0.19-20250313175621
prod-v2.0.20-20250313175710
qa-v2.0.18-20250313175334
qa-v2.0.19-20250313175614
qa-v2.0.20-20250313175702
v2.0.18
v2.0.19
v2.0.20
Commit: de2ba4a05d11aefa724aa5767e40038daa6d1711
dev-v2.0.17-20250313175151
dev-v2.0.18-20250313175303
dev-v2.0.19-20250313175538
dev-v2.0.20-20250313175654
prod-v2.0.17-20250313175218
prod-v2.0.18-20250313175416
prod-v2.0.19-20250313175621
prod-v2.0.20-20250313175710
qa-v2.0.17-20250313175213
qa-v2.0.18-20250313175334
qa-v2.0.19-20250313175614
qa-v2.0.20-20250313175702
v2.0.17
v2.0.18
v2.0.19
v2.0.20
Commit: 1d0ced26e8da6592a4411474a324fc4be5f1103c
dev-v2.0.16-20250313174935
dev-v2.0.17-20250313175151
dev-v2.0.18-20250313175303
dev-v2.0.19-20250313175538
dev-v2.0.20-20250313175654
prod-v2.0.16-20250313175034
prod-v2.0.17-20250313175218
prod-v2.0.18-20250313175416
prod-v2.0.19-20250313175621
prod-v2.0.20-20250313175710
qa-v2.0.16-20250313174947
qa-v2.0.17-20250313175213
qa-v2.0.18-20250313175334
qa-v2.0.19-20250313175614
qa-v2.0.20-20250313175702
v2.0.16
v2.0.17
v2.0.18
v2.0.19
v2.0.20
Commit: 21f845409c713f3dce6897338fd7aadc19820a94
dev-v2.0.15-20250313174734
dev-v2.0.16-20250313174935
dev-v2.0.17-20250313175151
dev-v2.0.18-20250313175303
dev-v2.0.19-20250313175538
dev-v2.0.20-20250313175654
prod-v2.0.15-20250313174805
prod-v2.0.16-20250313175034
prod-v2.0.17-20250313175218
prod-v2.0.18-20250313175416
prod-v2.0.19-20250313175621
prod-v2.0.20-20250313175710
qa-v2.0.15-20250313174747
qa-v2.0.16-20250313174947
qa-v2.0.17-20250313175213
qa-v2.0.18-20250313175334
qa-v2.0.19-20250313175614
qa-v2.0.20-20250313175702
v2.0.15
v2.0.16
v2.0.17
v2.0.18
v2.0.19
v2.0.20
Commit: ef9fc2ded2a00457bea30d5b06e0e3c778dbcfbd
dev-v2.0.14-20250313174611
dev-v2.0.15-20250313174734
dev-v2.0.16-20250313174935
dev-v2.0.17-20250313175151
dev-v2.0.18-20250313175303
dev-v2.0.19-20250313175538
dev-v2.0.20-20250313175654
prod-v2.0.14-20250313174630
prod-v2.0.15-20250313174805
prod-v2.0.16-20250313175034
prod-v2.0.17-20250313175218
prod-v2.0.18-20250313175416
prod-v2.0.19-20250313175621
prod-v2.0.20-20250313175710
qa-v2.0.14-20250313174621
qa-v2.0.15-20250313174747
qa-v2.0.16-20250313174947
qa-v2.0.17-20250313175213
qa-v2.0.18-20250313175334
qa-v2.0.19-20250313175614
qa-v2.0.20-20250313175702
v2.0.14
v2.0.15
v2.0.16
v2.0.17
v2.0.18
v2.0.19
v2.0.20
Commit: f361f378688be40088bb97b14122765467582568
dev-v2.0.13-20250313174357
dev-v2.0.14-20250313174611
dev-v2.0.15-20250313174734
dev-v2.0.16-20250313174935
dev-v2.0.17-20250313175151
dev-v2.0.18-20250313175303
dev-v2.0.19-20250313175538
dev-v2.0.20-20250313175654
prod-v2.0.13-20250313174431
prod-v2.0.14-20250313174630
prod-v2.0.15-20250313174805
prod-v2.0.16-20250313175034
prod-v2.0.17-20250313175218
prod-v2.0.18-20250313175416
prod-v2.0.19-20250313175621
prod-v2.0.20-20250313175710
qa-v2.0.13-20250313174425
qa-v2.0.14-20250313174621
qa-v2.0.15-20250313174747
qa-v2.0.16-20250313174947
qa-v2.0.17-20250313175213
qa-v2.0.18-20250313175334
qa-v2.0.19-20250313175614
qa-v2.0.20-20250313175702
v2.0.13
v2.0.14
v2.0.15
v2.0.16
v2.0.17
v2.0.18
v2.0.19
v2.0.20
Commit: 563bbb7ccaa9d8b96647d3e388caed1415f55d85
dev-v2.0.12-20250313174120
dev-v2.0.13-20250313174357
dev-v2.0.14-20250313174611
dev-v2.0.15-20250313174734
dev-v2.0.16-20250313174935
dev-v2.0.17-20250313175151
dev-v2.0.18-20250313175303
dev-v2.0.19-20250313175538
dev-v2.0.20-20250313175654
prod-v2.0.12-20250313174139
prod-v2.0.13-20250313174431
prod-v2.0.14-20250313174630
prod-v2.0.15-20250313174805
prod-v2.0.16-20250313175034
prod-v2.0.17-20250313175218
prod-v2.0.18-20250313175416
prod-v2.0.19-20250313175621
prod-v2.0.20-20250313175710
qa-v2.0.12-20250313174121
qa-v2.0.13-20250313174425
qa-v2.0.14-20250313174621
qa-v2.0.15-20250313174747
qa-v2.0.16-20250313174947
qa-v2.0.17-20250313175213
qa-v2.0.18-20250313175334
qa-v2.0.19-20250313175614
qa-v2.0.20-20250313175702
v2.0.12
v2.0.13
v2.0.14
v2.0.15
v2.0.16
v2.0.17
v2.0.18
v2.0.19
v2.0.20

Detailed Latest Commit Information:
Commit: c6b2ba5d8e744f9ba1636a0efb00911655381d74
Date: 2025-03-13 17:56:25 -0700
Tags:  (HEAD -> main, tag: v2.0.20, tag: qa-v2.0.20-20250313175702, tag: prod-v2.0.20-20250313175710, tag: dev-v2.0.20-20250313175654)

Debugging information saved to: git_debug_output.log
