Commit 4a251272889849361d4e55ba07671d1ba45b8ffb at 2025-03-13 17:15:15 -0700
Release v2.0.1 at 2025-03-13 17:15:15 -0700
dev-v2.0.1-20250313171609 deployed at 2025-03-13 17:16:10
qa-v2.0.1-20250313171635 deployed at 2025-03-13 17:16:36
prod-v2.0.1-20250313171703 deployed at 2025-03-13 17:17:04
Commit 2211c7a8b64fc1bd9f77aed6067c4f80c038cdab at 2025-03-13 17:18:02 -0700
Release v2.0.2 at 2025-03-13 17:18:02 -0700
dev-v2.0.2-20250313171832 deployed at 2025-03-13 17:18:33
qa-v2.0.2-20250313171849 deployed at 2025-03-13 17:18:50
prod-v2.0.2-20250313171906 deployed at 2025-03-13 17:19:07
Commit 4d013646c268df3b501a0530a7976650ed461af6 at 2025-03-13 17:20:01 -0700
Release v2.0.3 at 2025-03-13 17:20:01 -0700
dev-v2.0.3-20250313172052 deployed at 2025-03-13 17:20:53
qa-v2.0.3-20250313172149 deployed at 2025-03-13 17:21:50
prod-v2.0.3-20250313172235 deployed at 2025-03-13 17:22:36
Commit d58b815631642903de2566227f9c29266074dfa5 at 2025-03-13 17:23:31 -0700
Release v2.0.4 at 2025-03-13 17:23:31 -0700
dev-v2.0.4-20250313172354 deployed at 2025-03-13 17:23:55
qa-v2.0.4-20250313172416 deployed at 2025-03-13 17:24:17
prod-v2.0.4-20250313172419 deployed at 2025-03-13 17:24:20
Commit 4bff37730a65304381ab061d557b71802f2e50bc at 2025-03-13 17:25:01 -0700
Release v2.0.5 at 2025-03-13 17:25:01 -0700
dev-v2.0.5-20250313172634 deployed at 2025-03-13 17:26:35
qa-v2.0.5-20250313172644 deployed at 2025-03-13 17:26:45
prod-v2.0.5-20250313172715 deployed at 2025-03-13 17:27:16
Commit ce79e3641ebd23d66689859d2d1dc3b66356a699 at 2025-03-13 17:28:06 -0700
Release v2.0.6 at 2025-03-13 17:28:06 -0700
dev-v2.0.6-20250313172904 deployed at 2025-03-13 17:29:05
qa-v2.0.6-20250313172908 deployed at 2025-03-13 17:29:09
prod-v2.0.6-20250313172927 deployed at 2025-03-13 17:29:28
Commit 03697e499540aa429a55bf5d719b6fb6cab2716f at 2025-03-13 17:29:39 -0700
Release v2.0.7 at 2025-03-13 17:29:39 -0700
dev-v2.0.7-20250313173018 deployed at 2025-03-13 17:30:19
qa-v2.0.7-20250313173031 deployed at 2025-03-13 17:30:32
prod-v2.0.7-20250313173111 deployed at 2025-03-13 17:31:12
Commit 2ea864a11794f5a3ae5cc5af9c85f1447e95159b at 2025-03-13 17:31:16 -0700
Release v2.0.8 at 2025-03-13 17:31:16 -0700
dev-v2.0.8-20250313173146 deployed at 2025-03-13 17:31:47
qa-v2.0.8-20250313173154 deployed at 2025-03-13 17:31:55
prod-v2.0.8-20250313173244 deployed at 2025-03-13 17:32:45
Commit c85e7c6692edb9021b7dad770c88cc3b88bb0542 at 2025-03-13 17:33:01 -0700
Release v2.0.9 at 2025-03-13 17:33:01 -0700
dev-v2.0.9-20250313173344 deployed at 2025-03-13 17:33:45
qa-v2.0.9-20250313173357 deployed at 2025-03-13 17:33:58
prod-v2.0.9-20250313173358 deployed at 2025-03-13 17:33:59
Commit bc7b0323515d68c9d89dd7534c07dd1cb2aeaecd at 2025-03-13 17:34:57 -0700
Release v2.0.10 at 2025-03-13 17:34:57 -0700
dev-v2.0.10-20250313173543 deployed at 2025-03-13 17:35:44
qa-v2.0.10-20250313173602 deployed at 2025-03-13 17:36:03
prod-v2.0.10-20250313173647 deployed at 2025-03-13 17:36:48
Commit ba113dac0044fbefdaad2cca41cc8e33362ac4cc at 2025-03-13 17:36:57 -0700
Release v2.0.11 at 2025-03-13 17:36:57 -0700
dev-v2.0.11-20250313173836 deployed at 2025-03-13 17:38:37
qa-v2.0.11-20250313173921 deployed at 2025-03-13 17:39:22
prod-v2.0.11-20250313174003 deployed at 2025-03-13 17:40:04
Commit 563bbb7ccaa9d8b96647d3e388caed1415f55d85 at 2025-03-13 17:40:13 -0700
Release v2.0.12 at 2025-03-13 17:40:13 -0700
dev-v2.0.12-20250313174120 deployed at 2025-03-13 17:41:21
qa-v2.0.12-20250313174121 deployed at 2025-03-13 17:41:22
prod-v2.0.12-20250313174139 deployed at 2025-03-13 17:41:42
Commit f361f378688be40088bb97b14122765467582568 at 2025-03-13 17:42:35 -0700
Release v2.0.13 at 2025-03-13 17:42:35 -0700
dev-v2.0.13-20250313174357 deployed at 2025-03-13 17:43:59
qa-v2.0.13-20250313174425 deployed at 2025-03-13 17:44:26
prod-v2.0.13-20250313174431 deployed at 2025-03-13 17:44:32
Commit ef9fc2ded2a00457bea30d5b06e0e3c778dbcfbd at 2025-03-13 17:45:31 -0700
Release v2.0.14 at 2025-03-13 17:45:31 -0700
dev-v2.0.14-20250313174611 deployed at 2025-03-13 17:46:12
qa-v2.0.14-20250313174621 deployed at 2025-03-13 17:46:22
prod-v2.0.14-20250313174630 deployed at 2025-03-13 17:46:31
Commit 21f845409c713f3dce6897338fd7aadc19820a94 at 2025-03-13 17:47:03 -0700
Release v2.0.15 at 2025-03-13 17:47:03 -0700
dev-v2.0.15-20250313174734 deployed at 2025-03-13 17:47:35
qa-v2.0.15-20250313174747 deployed at 2025-03-13 17:47:48
prod-v2.0.15-20250313174805 deployed at 2025-03-13 17:48:07
Commit 1d0ced26e8da6592a4411474a324fc4be5f1103c at 2025-03-13 17:48:24 -0700
Release v2.0.16 at 2025-03-13 17:48:24 -0700
dev-v2.0.16-20250313174935 deployed at 2025-03-13 17:49:36
qa-v2.0.16-20250313174947 deployed at 2025-03-13 17:49:48
prod-v2.0.16-20250313175034 deployed at 2025-03-13 17:50:35
Commit de2ba4a05d11aefa724aa5767e40038daa6d1711 at 2025-03-13 17:50:53 -0700
Release v2.0.17 at 2025-03-13 17:50:53 -0700
dev-v2.0.17-20250313175151 deployed at 2025-03-13 17:51:52
qa-v2.0.17-20250313175213 deployed at 2025-03-13 17:52:15
prod-v2.0.17-20250313175218 deployed at 2025-03-13 17:52:19
Commit bd7a52be69a38b358f034ba4273540e711b2eaf6 at 2025-03-13 17:52:41 -0700
Release v2.0.18 at 2025-03-13 17:52:41 -0700
dev-v2.0.18-20250313175303 deployed at 2025-03-13 17:53:04
qa-v2.0.18-20250313175334 deployed at 2025-03-13 17:53:35
prod-v2.0.18-20250313175416 deployed at 2025-03-13 17:54:17
Commit dcdc3ccbecd00607020b90b148020ad3bcdf886a at 2025-03-13 17:55:02 -0700
Release v2.0.19 at 2025-03-13 17:55:02 -0700
dev-v2.0.19-20250313175538 deployed at 2025-03-13 17:55:39
qa-v2.0.19-20250313175614 deployed at 2025-03-13 17:56:15
prod-v2.0.19-20250313175621 deployed at 2025-03-13 17:56:22
Commit c6b2ba5d8e744f9ba1636a0efb00911655381d74 at 2025-03-13 17:56:25 -0700
Release v2.0.20 at 2025-03-13 17:56:25 -0700
dev-v2.0.20-20250313175654 deployed at 2025-03-13 17:56:55
qa-v2.0.20-20250313175702 deployed at 2025-03-13 17:57:03
prod-v2.0.20-20250313175710 deployed at 2025-03-13 17:57:12
